e:\sfml\pigeon_dress_up\pigeon_dress_up\x64\release\vc143.pdb
e:\sfml\pigeon_dress_up\pigeon_dress_up\x64\release\window.obj
e:\sfml\pigeon_dress_up\pigeon_dress_up\x64\release\screenshot.obj
e:\sfml\pigeon_dress_up\pigeon_dress_up\x64\release\movableitem.obj
e:\sfml\pigeon_dress_up\pigeon_dress_up\x64\release\mousehelper.obj
e:\sfml\pigeon_dress_up\pigeon_dress_up\x64\release\main.obj
e:\sfml\pigeon_dress_up\pigeon_dress_up\x64\release\globalsettings.obj
e:\sfml\pigeon_dress_up\pigeon_dress_up\x64\release\game.obj
e:\sfml\pigeon_dress_up\pigeon_dress_up\x64\release\datareader.obj
e:\sfml\pigeon_dress_up\pigeon_dress_up\x64\release\background.obj
e:\sfml\pigeon_dress_up\x64\release\pigeon_dress_up.exe
e:\sfml\pigeon_dress_up\pigeon_dress_up\x64\release\pigeon_dress_up.ipdb
e:\sfml\pigeon_dress_up\x64\release\pigeon_dress_up.pdb
e:\sfml\pigeon_dress_up\pigeon_dress_up\x64\release\pigeon_dress_up.iobj
e:\sfml\pigeon_dress_up\pigeon_dress_up\x64\release\pigeon_dress_up.tlog\cl.command.1.tlog
e:\sfml\pigeon_dress_up\pigeon_dress_up\x64\release\pigeon_dress_up.tlog\cl.read.1.tlog
e:\sfml\pigeon_dress_up\pigeon_dress_up\x64\release\pigeon_dress_up.tlog\cl.write.1.tlog
e:\sfml\pigeon_dress_up\pigeon_dress_up\x64\release\pigeon_dress_up.tlog\link.command.1.tlog
e:\sfml\pigeon_dress_up\pigeon_dress_up\x64\release\pigeon_dress_up.tlog\link.read.1.tlog
e:\sfml\pigeon_dress_up\pigeon_dress_up\x64\release\pigeon_dress_up.tlog\link.write.1.tlog
